Started GET "/" for 127.0.0.1 at 2018-02-05 12:12:09 +0530

ActiveRecord::PendingMigrationError - 

Migrations are pending. To resolve this issue, run:

	bin/rails db:migrate RAILS_ENV=development

:
  activerecord (5.0.0.1) lib/active_record/migration.rb:572:in `check_pending!'
  activerecord (5.0.0.1) lib/active_record/migration.rb:548:in `call'
  actionpack (5.0.0.1) lib/action_dispatch/middleware/callbacks.rb:38:in `block in call'
  activesupport (5.0.0.1) lib/active_support/callbacks.rb:97:in `__run_callbacks__'
  activesupport (5.0.0.1) lib/active_support/callbacks.rb:750:in `_run_call_callbacks'
  activesupport (5.0.0.1) lib/active_support/callbacks.rb:90:in `run_callbacks'
  actionpack (5.0.0.1) lib/action_dispatch/middleware/callbacks.rb:36:in `call'
  actionpack (5.0.0.1) lib/action_dispatch/middleware/executor.rb:12:in `call'
  actionpack (5.0.0.1) lib/action_dispatch/middleware/remote_ip.rb:79:in `call'
  better_errors (2.1.1) lib/better_errors/middleware.rb:84:in `protected_app_call'
  better_errors (2.1.1) lib/better_errors/middleware.rb:79:in `better_errors_call'
  better_errors (2.1.1) lib/better_errors/middleware.rb:57:in `call'
  actionpack (5.0.0.1) lib/action_dispatch/middleware/debug_exceptions.rb:49:in `call'
  web-console (3.3.1) lib/web_console/middleware.rb:131:in `call_app'
  web-console (3.3.1) lib/web_console/middleware.rb:28:in `block in call'
  web-console (3.3.1) lib/web_console/middleware.rb:18:in `catch'
  web-console (3.3.1) lib/web_console/middleware.rb:18:in `call'
  actionpack (5.0.0.1) lib/action_dispatch/middleware/show_exceptions.rb:31:in `call'
  railties (5.0.0.1) lib/rails/rack/logger.rb:36:in `call_app'
  railties (5.0.0.1) lib/rails/rack/logger.rb:24:in `block in call'
  activesupport (5.0.0.1) lib/active_support/tagged_logging.rb:70:in `block in tagged'
  activesupport (5.0.0.1) lib/active_support/tagged_logging.rb:26:in `tagged'
  activesupport (5.0.0.1) lib/active_support/tagged_logging.rb:70:in `tagged'
  railties (5.0.0.1) lib/rails/rack/logger.rb:24:in `call'
  sprockets-rails (3.2.0) lib/sprockets/rails/quiet_assets.rb:13:in `call'
  actionpack (5.0.0.1) lib/action_dispatch/middleware/request_id.rb:24:in `call'
  rack (2.0.1) lib/rack/method_override.rb:22:in `call'
  rack (2.0.1) lib/rack/runtime.rb:22:in `call'
  activesupport (5.0.0.1) lib/active_support/cache/strategy/local_cache_middleware.rb:28:in `call'
  actionpack (5.0.0.1) lib/action_dispatch/middleware/executor.rb:12:in `call'
  actionpack (5.0.0.1) lib/action_dispatch/middleware/static.rb:136:in `call'
  rack (2.0.1) lib/rack/sendfile.rb:111:in `call'
  railties (5.0.0.1) lib/rails/engine.rb:522:in `call'
  puma (3.6.0) lib/puma/configuration.rb:225:in `call'
  puma (3.6.0) lib/puma/server.rb:578:in `handle_request'
  puma (3.6.0) lib/puma/server.rb:415:in `process_client'
  puma (3.6.0) lib/puma/server.rb:275:in `block in run'
  puma (3.6.0) lib/puma/thread_pool.rb:116:in `block in spawn_thread'

Started POST "/__better_errors/54d51bf0b0801666/variables" for 127.0.0.1 at 2018-02-05 12:12:09 +0530
  [1m[35m (93.3ms)[0m  [1m[35mCREATE TABLE `schema_migrations` (`version` varchar(255) PRIMARY KEY) ENGINE=InnoDB[0m
  [1m[35m (27.4ms)[0m  [1m[35mCREATE TABLE `ar_internal_metadata` (`key` varchar(255) PRIMARY KEY, `value` varchar(255), `created_at` datetime NOT NULL, `updated_at` datetime NOT NULL) ENGINE=InnoDB[0m
  [1m[35m (1.5ms)[0m  [1m[34mSELECT DATABASE() as db[0m
  [1m[35m (2.1ms)[0m  [1m[34mSELECT GET_LOCK('2130370153988511120', 0);[0m
  [1m[36mActiveRecord::SchemaMigration Load (4.8ms)[0m  [1m[34mSELECT `schema_migrations`.* FROM `schema_migrations`[0m
Migrating to DeviseCreateUsers (20140224203310)
DEPRECATION WARNING: Directly inheriting from ActiveRecord::Migration is deprecated. Please specify the Rails release the migration was written for:

  class DeviseCreateUsers < ActiveRecord::Migration[4.2] (called from load at /Users/Vidya/.rbenv/versions/2.3.1/bin/rake:23)
  [1m[35m (23.0ms)[0m  [1m[35mCREATE TABLE `users` (`id` int AUTO_INCREMENT PRIMARY KEY, `email` varchar(255) DEFAULT '' NOT NULL, `encrypted_password` varchar(255) DEFAULT '' NOT NULL, `reset_password_token` varchar(255), `reset_password_sent_at` datetime, `remember_created_at` datetime, `sign_in_count` int DEFAULT 0 NOT NULL, `current_sign_in_at` datetime, `last_sign_in_at` datetime, `current_sign_in_ip` varchar(255), `last_sign_in_ip` varchar(255), `created_at` datetime, `updated_at` datetime) ENGINE=InnoDB[0m
  [1m[35m (33.5ms)[0m  [1m[35mCREATE UNIQUE INDEX `index_users_on_email`  ON `users` (`email`) [0m
  [1m[35m (21.7ms)[0m  [1m[35mCREATE UNIQUE INDEX `index_users_on_reset_password_token`  ON `users` (`reset_password_token`) [0m
  [1m[35m (0.5ms)[0m  [1m[35mBEGIN[0m
  [1m[35mSQL (2.9ms)[0m  [1m[32mINSERT INTO `schema_migrations` (`version`) VALUES ('20140224203310')[0m
  [1m[35m (0.8ms)[0m  [1m[35mCOMMIT[0m
Migrating to AddNameToUsers (20140224203311)
DEPRECATION WARNING: Directly inheriting from ActiveRecord::Migration is deprecated. Please specify the Rails release the migration was written for:

  class AddNameToUsers < ActiveRecord::Migration[4.2] (called from load at /Users/Vidya/.rbenv/versions/2.3.1/bin/rake:23)
  [1m[35m (48.4ms)[0m  [1m[35mALTER TABLE `users` ADD `name` varchar(255)[0m
  [1m[35m (0.1ms)[0m  [1m[35mBEGIN[0m
  [1m[35mSQL (1.0ms)[0m  [1m[32mINSERT INTO `schema_migrations` (`version`) VALUES ('20140224203311')[0m
  [1m[35m (0.8ms)[0m  [1m[35mCOMMIT[0m
  [1m[36mActiveRecord::InternalMetadata Load (0.3ms)[0m  [1m[34mSELECT  `ar_internal_metadata`.* FROM `ar_internal_metadata` WHERE `ar_internal_metadata`.`key` = 'environment' LIMIT 1[0m
  [1m[35m (0.2ms)[0m  [1m[35mBEGIN[0m
  [1m[35mSQL (1.3ms)[0m  [1m[32mINSERT INTO `ar_internal_metadata` (`key`, `value`, `created_at`, `updated_at`) VALUES ('environment', 'development', '2018-02-06 05:45:52', '2018-02-06 05:45:52')[0m
  [1m[35m (0.3ms)[0m  [1m[35mCOMMIT[0m
  [1m[35m (1.0ms)[0m  [1m[34mSELECT RELEASE_LOCK('2130370153988511120')[0m
  [1m[36mActiveRecord::SchemaMigration Load (0.2ms)[0m  [1m[34mSELECT `schema_migrations`.* FROM `schema_migrations`[0m
  [1m[35m (0.2ms)[0m  [1m[35mSHOW CREATE TABLE `users`[0m
  [1m[35m (0.5ms)[0m  [1m[35mSHOW TABLE STATUS LIKE 'users'[0m
  [1m[35m (1.0ms)[0m  [1m[34mSELECT fk.referenced_table_name as 'to_table'
      ,fk.referenced_column_name as 'primary_key'
      ,fk.column_name as 'column'
      ,fk.constraint_name as 'name'
FROM information_schema.key_column_usage fk
WHERE fk.referenced_column_name is not null
  AND fk.table_schema = 'vitransact_development'
  AND fk.table_name = 'users'
[0m
Started GET "/" for 127.0.0.1 at 2018-02-06 11:16:09 +0530
  [1m[36mActiveRecord::SchemaMigration Load (2.8ms)[0m  [1m[34mSELECT `schema_migrations`.* FROM `schema_migrations`[0m
Processing by VisitorsController#index as HTML
  Rendering visitors/index.html.erb within layouts/application
  [1m[35m (1.9ms)[0m  [1m[34mSELECT COUNT(*) FROM `users`[0m
  Rendered visitors/index.html.erb within layouts/application (18.1ms)
  Rendered layouts/_navigation_links.html.erb (0.6ms)
  Rendered layouts/_nav_links_for_auth.html.erb (4.5ms)
  Rendered layouts/_navigation.html.erb (10.6ms)
  Rendered layouts/_messages.html.erb (0.5ms)
Completed 200 OK in 4072ms (Views: 4053.5ms | ActiveRecord: 4.3ms)


Started GET "/" for 127.0.0.1 at 2018-02-06 11:16:21 +0530
Processing by VisitorsController#index as HTML
  Rendering visitors/index.html.erb within layouts/application
  [1m[35m (3.2ms)[0m  [1m[34mSELECT COUNT(*) FROM `users`[0m
  Rendered visitors/index.html.erb within layouts/application (4.6ms)
  Rendered layouts/_navigation_links.html.erb (0.4ms)
  Rendered layouts/_nav_links_for_auth.html.erb (0.8ms)
  Rendered layouts/_navigation.html.erb (5.1ms)
  Rendered layouts/_messages.html.erb (0.5ms)
Completed 200 OK in 86ms (Views: 80.4ms | ActiveRecord: 3.2ms)


Started GET "/pages/about" for 127.0.0.1 at 2018-02-06 11:16:22 +0530
Processing by HighVoltage::PagesController#show as HTML
  Parameters: {"id"=>"about"}
  Rendering pages/about.html.erb within layouts/application
  Rendered pages/about.html.erb within layouts/application (0.6ms)
  Rendered layouts/_navigation_links.html.erb (0.4ms)
  Rendered layouts/_nav_links_for_auth.html.erb (1.3ms)
  Rendered layouts/_navigation.html.erb (5.9ms)
  Rendered layouts/_messages.html.erb (0.5ms)
Completed 200 OK in 107ms (Views: 105.7ms | ActiveRecord: 0.0ms)


Started GET "/users/sign_in" for 127.0.0.1 at 2018-02-06 11:16:32 +0530
Processing by Devise::SessionsController#new as HTML
  Rendering devise/sessions/new.html.erb within layouts/application
  Rendered devise/sessions/new.html.erb within layouts/application (378.8ms)
  Rendered layouts/_navigation_links.html.erb (0.4ms)
  Rendered layouts/_nav_links_for_auth.html.erb (0.7ms)
  Rendered layouts/_navigation.html.erb (4.6ms)
  Rendered layouts/_messages.html.erb (0.5ms)
Completed 200 OK in 465ms (Views: 446.5ms | ActiveRecord: 5.9ms)


Started GET "/" for 127.0.0.1 at 2018-02-06 11:16:37 +0530
Processing by VisitorsController#index as HTML
  Rendering visitors/index.html.erb within layouts/application
  [1m[35m (0.3ms)[0m  [1m[34mSELECT COUNT(*) FROM `users`[0m
  Rendered visitors/index.html.erb within layouts/application (2.1ms)
  Rendered layouts/_navigation_links.html.erb (0.4ms)
  Rendered layouts/_nav_links_for_auth.html.erb (0.8ms)
  Rendered layouts/_navigation.html.erb (5.1ms)
  Rendered layouts/_messages.html.erb (0.5ms)
Completed 200 OK in 99ms (Views: 88.1ms | ActiveRecord: 0.3ms)


Started GET "/users/sign_in" for 127.0.0.1 at 2018-02-06 11:16:41 +0530
Processing by Devise::SessionsController#new as HTML
  Rendering devise/sessions/new.html.erb within layouts/application
  Rendered devise/sessions/new.html.erb within layouts/application (2.5ms)
  Rendered layouts/_navigation_links.html.erb (0.3ms)
  Rendered layouts/_nav_links_for_auth.html.erb (0.8ms)
  Rendered layouts/_navigation.html.erb (4.4ms)
  Rendered layouts/_messages.html.erb (0.5ms)
Completed 200 OK in 97ms (Views: 93.7ms | ActiveRecord: 0.0ms)


Started GET "/users/sign_up" for 127.0.0.1 at 2018-02-06 11:16:51 +0530
Processing by Devise::RegistrationsController#new as HTML
  Rendering devise/registrations/new.html.erb within layouts/application
  Rendered devise/registrations/new.html.erb within layouts/application (10.9ms)
  Rendered layouts/_navigation_links.html.erb (0.5ms)
  Rendered layouts/_nav_links_for_auth.html.erb (0.7ms)
  Rendered layouts/_navigation.html.erb (5.2ms)
  Rendered layouts/_messages.html.erb (0.5ms)
Completed 200 OK in 122ms (Views: 113.2ms | ActiveRecord: 0.0ms)


Started POST "/users" for 127.0.0.1 at 2018-02-06 11:17:16 +0530
Processing by Devise::RegistrationsController#create as HTML
  Parameters: {"utf8"=>"✓", "authenticity_token"=>"Zfsb0sbgZJMGLQOQ2TSuURgkzp3S63Euz7SQo/DkG0bLJCJbR2PTaM2gfzxbqpirTFkPxchaA3ziiojEnaRicA==", "user"=>{"name"=>"vidya", "email"=>"vidhu.al@gmail.com", "password"=>"[FILTERED]", "password_confirmation"=>"[FILTERED]"}, "commit"=>"Sign up"}
  [1m[35m (0.1ms)[0m  [1m[35mBEGIN[0m
  [1m[36mUser Exists (6.0ms)[0m  [1m[34mSELECT  1 AS one FROM `users` WHERE `users`.`email` = BINARY 'vidhu.al@gmail.com' LIMIT 1[0m
  [1m[35mSQL (2.1ms)[0m  [1m[32mINSERT INTO `users` (`email`, `encrypted_password`, `created_at`, `updated_at`, `name`) VALUES ('vidhu.al@gmail.com', '$2a$11$0CUP9ET9CNghEthrMpe9w.DMl9BdsfnijX6TM0ewjidKpDMqe2qBi', '2018-02-06 05:47:16', '2018-02-06 05:47:16', 'vidya')[0m
  [1m[35m (2.8ms)[0m  [1m[35mCOMMIT[0m
  [1m[35m (0.1ms)[0m  [1m[35mBEGIN[0m
  [1m[35mSQL (3.6ms)[0m  [1m[33mUPDATE `users` SET `sign_in_count` = 1, `current_sign_in_at` = '2018-02-06 05:47:16', `last_sign_in_at` = '2018-02-06 05:47:16', `current_sign_in_ip` = '127.0.0.1', `last_sign_in_ip` = '127.0.0.1' WHERE `users`.`id` = 1[0m
  [1m[35m (0.4ms)[0m  [1m[35mCOMMIT[0m
Redirected to http://localhost:3000/
Completed 302 Found in 190ms (ActiveRecord: 15.3ms)


Started GET "/" for 127.0.0.1 at 2018-02-06 11:17:16 +0530
Processing by VisitorsController#index as HTML
  Rendering visitors/index.html.erb within layouts/application
  [1m[35m (0.2ms)[0m  [1m[34mSELECT COUNT(*) FROM `users`[0m
  Rendered visitors/index.html.erb within layouts/application (1.5ms)
  Rendered layouts/_navigation_links.html.erb (0.4ms)
  [1m[36mUser Load (0.4ms)[0m  [1m[34mSELECT  `users`.* FROM `users` WHERE `users`.`id` = 1 ORDER BY `users`.`id` ASC LIMIT 1[0m
  Rendered layouts/_nav_links_for_auth.html.erb (2.7ms)
  Rendered layouts/_navigation.html.erb (7.1ms)
  Rendered layouts/_messages.html.erb (0.6ms)
Completed 200 OK in 74ms (Views: 70.0ms | ActiveRecord: 0.6ms)


Started GET "/users" for 127.0.0.1 at 2018-02-06 11:17:29 +0530
Processing by UsersController#index as HTML
  [1m[36mUser Load (0.3ms)[0m  [1m[34mSELECT  `users`.* FROM `users` WHERE `users`.`id` = 1 ORDER BY `users`.`id` ASC LIMIT 1[0m
  Rendering users/index.html.erb within layouts/application
  [1m[36mUser Load (0.4ms)[0m  [1m[34mSELECT `users`.* FROM `users`[0m
  Rendered users/_user.html.erb (1.4ms)
  Rendered users/index.html.erb within layouts/application (6.5ms)
  Rendered layouts/_navigation_links.html.erb (0.4ms)
  Rendered layouts/_nav_links_for_auth.html.erb (0.6ms)
  Rendered layouts/_navigation.html.erb (5.2ms)
  Rendered layouts/_messages.html.erb (0.5ms)
Completed 200 OK in 88ms (Views: 82.9ms | ActiveRecord: 0.7ms)


Started GET "/users/1" for 127.0.0.1 at 2018-02-06 11:17:35 +0530
Processing by UsersController#show as HTML
  Parameters: {"id"=>"1"}
  [1m[36mUser Load (20.9ms)[0m  [1m[34mSELECT  `users`.* FROM `users` WHERE `users`.`id` = 1 ORDER BY `users`.`id` ASC LIMIT 1[0m
  [1m[36mUser Load (0.5ms)[0m  [1m[34mSELECT  `users`.* FROM `users` WHERE `users`.`id` = 1 LIMIT 1[0m
  Rendering users/show.html.erb within layouts/application
  Rendered users/show.html.erb within layouts/application (0.9ms)
  Rendered layouts/_navigation_links.html.erb (0.5ms)
  Rendered layouts/_nav_links_for_auth.html.erb (0.6ms)
  Rendered layouts/_navigation.html.erb (4.9ms)
  Rendered layouts/_messages.html.erb (0.4ms)
Completed 200 OK in 142ms (Views: 95.8ms | ActiveRecord: 21.4ms)


Started GET "/users/1" for 127.0.0.1 at 2018-02-06 11:17:41 +0530
Processing by UsersController#show as HTML
  Parameters: {"id"=>"1"}
  [1m[36mUser Load (0.7ms)[0m  [1m[34mSELECT  `users`.* FROM `users` WHERE `users`.`id` = 1 ORDER BY `users`.`id` ASC LIMIT 1[0m
  [1m[36mUser Load (0.9ms)[0m  [1m[34mSELECT  `users`.* FROM `users` WHERE `users`.`id` = 1 LIMIT 1[0m
  Rendering users/show.html.erb within layouts/application
  Rendered users/show.html.erb within layouts/application (0.7ms)
  Rendered layouts/_navigation_links.html.erb (0.6ms)
  Rendered layouts/_nav_links_for_auth.html.erb (1.2ms)
  Rendered layouts/_navigation.html.erb (6.7ms)
  Rendered layouts/_messages.html.erb (0.8ms)
Completed 200 OK in 93ms (Views: 80.9ms | ActiveRecord: 1.6ms)


Started GET "/users/edit" for 127.0.0.1 at 2018-02-06 11:17:46 +0530
Processing by Devise::RegistrationsController#edit as HTML
  [1m[36mUser Load (1.0ms)[0m  [1m[34mSELECT  `users`.* FROM `users` WHERE `users`.`id` = 1 ORDER BY `users`.`id` ASC LIMIT 1[0m
  Rendering devise/registrations/edit.html.erb within layouts/application
  Rendered devise/registrations/edit.html.erb within layouts/application (4.0ms)
  Rendered layouts/_navigation_links.html.erb (0.4ms)
  Rendered layouts/_nav_links_for_auth.html.erb (0.7ms)
  Rendered layouts/_navigation.html.erb (4.9ms)
  Rendered layouts/_messages.html.erb (0.6ms)
Completed 200 OK in 93ms (Views: 84.9ms | ActiveRecord: 1.0ms)


Started GET "/" for 127.0.0.1 at 2018-02-06 11:18:23 +0530
Processing by VisitorsController#index as HTML
  Rendering visitors/index.html.erb within layouts/application
  [1m[35m (0.8ms)[0m  [1m[34mSELECT COUNT(*) FROM `users`[0m
  Rendered visitors/index.html.erb within layouts/application (4.6ms)
  Rendered layouts/_navigation_links.html.erb (0.4ms)
  [1m[36mUser Load (0.3ms)[0m  [1m[34mSELECT  `users`.* FROM `users` WHERE `users`.`id` = 1 ORDER BY `users`.`id` ASC LIMIT 1[0m
  Rendered layouts/_nav_links_for_auth.html.erb (1.9ms)
  Rendered layouts/_navigation.html.erb (6.8ms)
  Rendered layouts/_messages.html.erb (0.5ms)
Completed 200 OK in 110ms (Views: 105.5ms | ActiveRecord: 1.1ms)


Started DELETE "/users/sign_out" for 127.0.0.1 at 2018-02-06 11:18:58 +0530
Processing by Devise::SessionsController#destroy as HTML
  Parameters: {"authenticity_token"=>"V7m1YVbF6+yV49MToRtHM7431FZJHTmc6Pet1sGEFrNG+XzQ0bLBaTVKQyciLAbjZwh2qDNBw6NgQdj6yDP8wA=="}
  [1m[36mUser Load (0.5ms)[0m  [1m[34mSELECT  `users`.* FROM `users` WHERE `users`.`id` = 1 ORDER BY `users`.`id` ASC LIMIT 1[0m
  [1m[35m (0.2ms)[0m  [1m[35mBEGIN[0m
  [1m[35m (0.4ms)[0m  [1m[35mCOMMIT[0m
Redirected to http://localhost:3000/
Completed 302 Found in 9ms (ActiveRecord: 1.0ms)


Started GET "/" for 127.0.0.1 at 2018-02-06 11:18:58 +0530
Processing by VisitorsController#index as HTML
  Rendering visitors/index.html.erb within layouts/application
  [1m[35m (0.3ms)[0m  [1m[34mSELECT COUNT(*) FROM `users`[0m
  Rendered visitors/index.html.erb within layouts/application (1.5ms)
  Rendered layouts/_navigation_links.html.erb (0.7ms)
  Rendered layouts/_nav_links_for_auth.html.erb (1.5ms)
  Rendered layouts/_navigation.html.erb (8.5ms)
  Rendered layouts/_messages.html.erb (0.5ms)
Completed 200 OK in 84ms (Views: 81.3ms | ActiveRecord: 0.3ms)


Started GET "/users/sign_in" for 127.0.0.1 at 2018-02-06 11:19:03 +0530
Processing by Devise::SessionsController#new as HTML
  Rendering devise/sessions/new.html.erb within layouts/application
  Rendered devise/sessions/new.html.erb within layouts/application (2.6ms)
  Rendered layouts/_navigation_links.html.erb (0.9ms)
  Rendered layouts/_nav_links_for_auth.html.erb (1.6ms)
  Rendered layouts/_navigation.html.erb (9.3ms)
  Rendered layouts/_messages.html.erb (1.0ms)
Completed 200 OK in 113ms (Views: 103.3ms | ActiveRecord: 0.0ms)


Started POST "/users/sign_in" for 127.0.0.1 at 2018-02-06 11:19:19 +0530
Processing by Devise::SessionsController#create as HTML
  Parameters: {"utf8"=>"✓", "authenticity_token"=>"cyWsy/TKjygfuIZoxCcEw8Z2iNzgm97EpoYqyIDRBlK9PCWmmEaTXFaF0TEWslCbFmT+qs1/aSERMGjWdI8HKA==", "user"=>{"email"=>"vidhu.al@gmail.com", "password"=>"[FILTERED]", "remember_me"=>"0"}, "commit"=>"Sign in"}
  [1m[36mUser Load (0.4ms)[0m  [1m[34mSELECT  `users`.* FROM `users` WHERE `users`.`email` = 'vidhu.al@gmail.com' ORDER BY `users`.`id` ASC LIMIT 1[0m
  [1m[35m (0.2ms)[0m  [1m[35mBEGIN[0m
  [1m[35mSQL (0.9ms)[0m  [1m[33mUPDATE `users` SET `current_sign_in_at` = '2018-02-06 05:49:19', `sign_in_count` = 2, `updated_at` = '2018-02-06 05:49:19' WHERE `users`.`id` = 1[0m
  [1m[35m (3.3ms)[0m  [1m[35mCOMMIT[0m
Redirected to http://localhost:3000/
Completed 302 Found in 149ms (ActiveRecord: 4.8ms)


Started GET "/" for 127.0.0.1 at 2018-02-06 11:19:19 +0530
Processing by VisitorsController#index as HTML
  Rendering visitors/index.html.erb within layouts/application
  [1m[35m (0.3ms)[0m  [1m[34mSELECT COUNT(*) FROM `users`[0m
  Rendered visitors/index.html.erb within layouts/application (1.5ms)
  Rendered layouts/_navigation_links.html.erb (0.5ms)
  [1m[36mUser Load (0.4ms)[0m  [1m[34mSELECT  `users`.* FROM `users` WHERE `users`.`id` = 1 ORDER BY `users`.`id` ASC LIMIT 1[0m
  Rendered layouts/_nav_links_for_auth.html.erb (3.6ms)
  Rendered layouts/_navigation.html.erb (9.1ms)
  Rendered layouts/_messages.html.erb (0.6ms)
Completed 200 OK in 79ms (Views: 75.5ms | ActiveRecord: 0.7ms)


Started GET "/" for 127.0.0.1 at 2018-02-06 11:19:31 +0530
Processing by VisitorsController#index as HTML
  Rendering visitors/index.html.erb within layouts/application
  [1m[35m (0.3ms)[0m  [1m[34mSELECT COUNT(*) FROM `users`[0m
  Rendered visitors/index.html.erb within layouts/application (1.4ms)
  Rendered layouts/_navigation_links.html.erb (0.9ms)
  [1m[36mUser Load (0.4ms)[0m  [1m[34mSELECT  `users`.* FROM `users` WHERE `users`.`id` = 1 ORDER BY `users`.`id` ASC LIMIT 1[0m
  Rendered layouts/_nav_links_for_auth.html.erb (2.1ms)
  Rendered layouts/_navigation.html.erb (9.7ms)
  Rendered layouts/_messages.html.erb (0.5ms)
Completed 200 OK in 72ms (Views: 69.3ms | ActiveRecord: 0.6ms)


  [1m[35m (27.5ms)[0m  [1m[35mCREATE TABLE `schema_migrations` (`version` varchar(255) PRIMARY KEY) ENGINE=InnoDB[0m
  [1m[35m (21.1ms)[0m  [1m[35mCREATE TABLE `ar_internal_metadata` (`key` varchar(255) PRIMARY KEY, `value` varchar(255), `created_at` datetime NOT NULL, `updated_at` datetime NOT NULL) ENGINE=InnoDB[0m
  [1m[35m (0.3ms)[0m  [1m[34mSELECT DATABASE() as db[0m
  [1m[35m (0.9ms)[0m  [1m[34mSELECT GET_LOCK('2130370153988511120', 0);[0m
  [1m[36mActiveRecord::SchemaMigration Load (2.1ms)[0m  [1m[34mSELECT `schema_migrations`.* FROM `schema_migrations`[0m
Migrating to DeviseCreateUsers (20140224203310)
DEPRECATION WARNING: Directly inheriting from ActiveRecord::Migration is deprecated. Please specify the Rails release the migration was written for:

  class DeviseCreateUsers < ActiveRecord::Migration[4.2] (called from load at /Users/Vidya/.rbenv/versions/2.3.1/bin/rake:23)
  [1m[35m (18.0ms)[0m  [1m[35mCREATE TABLE `users` (`id` int AUTO_INCREMENT PRIMARY KEY, `email` varchar(255) DEFAULT '' NOT NULL, `encrypted_password` varchar(255) DEFAULT '' NOT NULL, `reset_password_token` varchar(255), `reset_password_sent_at` datetime, `remember_created_at` datetime, `sign_in_count` int DEFAULT 0 NOT NULL, `current_sign_in_at` datetime, `last_sign_in_at` datetime, `current_sign_in_ip` varchar(255), `last_sign_in_ip` varchar(255), `created_at` datetime, `updated_at` datetime) ENGINE=InnoDB[0m
  [1m[35m (17.4ms)[0m  [1m[35mCREATE UNIQUE INDEX `index_users_on_email`  ON `users` (`email`) [0m
  [1m[35m (14.9ms)[0m  [1m[35mCREATE UNIQUE INDEX `index_users_on_reset_password_token`  ON `users` (`reset_password_token`) [0m
  [1m[35m (0.2ms)[0m  [1m[35mBEGIN[0m
  [1m[35mSQL (1.2ms)[0m  [1m[32mINSERT INTO `schema_migrations` (`version`) VALUES ('20140224203310')[0m
  [1m[35m (1.1ms)[0m  [1m[35mCOMMIT[0m
Migrating to AddNameToUsers (20140224203311)
DEPRECATION WARNING: Directly inheriting from ActiveRecord::Migration is deprecated. Please specify the Rails release the migration was written for:

  class AddNameToUsers < ActiveRecord::Migration[4.2] (called from load at /Users/Vidya/.rbenv/versions/2.3.1/bin/rake:23)
  [1m[35m (21.4ms)[0m  [1m[35mALTER TABLE `users` ADD `name` varchar(255)[0m
  [1m[35m (0.2ms)[0m  [1m[35mBEGIN[0m
  [1m[35mSQL (0.2ms)[0m  [1m[32mINSERT INTO `schema_migrations` (`version`) VALUES ('20140224203311')[0m
  [1m[35m (0.3ms)[0m  [1m[35mCOMMIT[0m
  [1m[36mActiveRecord::InternalMetadata Load (1.0ms)[0m  [1m[34mSELECT  `ar_internal_metadata`.* FROM `ar_internal_metadata` WHERE `ar_internal_metadata`.`key` = 'environment' LIMIT 1[0m
  [1m[35m (0.1ms)[0m  [1m[35mBEGIN[0m
  [1m[35mSQL (0.5ms)[0m  [1m[32mINSERT INTO `ar_internal_metadata` (`key`, `value`, `created_at`, `updated_at`) VALUES ('environment', 'development', '2018-02-12 14:56:10', '2018-02-12 14:56:10')[0m
  [1m[35m (0.3ms)[0m  [1m[35mCOMMIT[0m
  [1m[35m (0.4ms)[0m  [1m[34mSELECT RELEASE_LOCK('2130370153988511120')[0m
  [1m[36mActiveRecord::SchemaMigration Load (0.2ms)[0m  [1m[34mSELECT `schema_migrations`.* FROM `schema_migrations`[0m
  [1m[35m (0.5ms)[0m  [1m[35mSHOW CREATE TABLE `users`[0m
  [1m[35m (0.3ms)[0m  [1m[35mSHOW TABLE STATUS LIKE 'users'[0m
  [1m[35m (0.3ms)[0m  [1m[34mSELECT fk.referenced_table_name as 'to_table'
      ,fk.referenced_column_name as 'primary_key'
      ,fk.column_name as 'column'
      ,fk.constraint_name as 'name'
FROM information_schema.key_column_usage fk
WHERE fk.referenced_column_name is not null
  AND fk.table_schema = 'vitransact_development'
  AND fk.table_name = 'users'
[0m
Started GET "/" for ::1 at 2018-02-12 20:26:24 +0530
  [1m[36mActiveRecord::SchemaMigration Load (0.2ms)[0m  [1m[34mSELECT `schema_migrations`.* FROM `schema_migrations`[0m
Processing by VisitorsController#index as HTML
  Rendering visitors/index.html.erb within layouts/application
  [1m[35m (1.6ms)[0m  [1m[34mSELECT COUNT(*) FROM `users`[0m
  Rendered visitors/index.html.erb within layouts/application (12.3ms)
  Rendered layouts/_navigation_links.html.erb (0.5ms)
  Rendered layouts/_nav_links_for_auth.html.erb (4.3ms)
  Rendered layouts/_navigation.html.erb (10.5ms)
  Rendered layouts/_messages.html.erb (0.5ms)
Completed 200 OK in 349ms (Views: 329.4ms | ActiveRecord: 4.3ms)


Started GET "/users/sign_in" for ::1 at 2018-02-12 20:26:31 +0530
Processing by Devise::SessionsController#new as HTML
  Rendering devise/sessions/new.html.erb within layouts/application
  Rendered devise/sessions/new.html.erb within layouts/application (391.0ms)
  Rendered layouts/_navigation_links.html.erb (0.4ms)
  Rendered layouts/_nav_links_for_auth.html.erb (0.9ms)
  Rendered layouts/_navigation.html.erb (5.0ms)
  Rendered layouts/_messages.html.erb (0.5ms)
Completed 200 OK in 470ms (Views: 450.0ms | ActiveRecord: 1.0ms)


Started GET "/users/sign_up" for ::1 at 2018-02-12 20:26:34 +0530
Processing by Devise::RegistrationsController#new as HTML
  Rendering devise/registrations/new.html.erb within layouts/application
  Rendered devise/registrations/new.html.erb within layouts/application (11.2ms)
  Rendered layouts/_navigation_links.html.erb (0.5ms)
  Rendered layouts/_nav_links_for_auth.html.erb (1.3ms)
  Rendered layouts/_navigation.html.erb (6.4ms)
  Rendered layouts/_messages.html.erb (0.6ms)
Completed 200 OK in 121ms (Views: 116.5ms | ActiveRecord: 0.0ms)


Started POST "/users" for ::1 at 2018-02-12 20:26:57 +0530
Processing by Devise::RegistrationsController#create as HTML
  Parameters: {"utf8"=>"✓", "authenticity_token"=>"O1mZmXRcPBzZzKmJnHe0hKQGkcnj8tsj6rDsVJz4cyEYoGFQgzSju5Ny6Bk8oiGASdkSsAbLg+Ixx/hrSkwnXg==", "user"=>{"name"=>"vidya", "email"=>"vidhu.al@test.com", "password"=>"[FILTERED]", "password_confirmation"=>"[FILTERED]"}, "commit"=>"Sign up"}
  [1m[35m (0.2ms)[0m  [1m[35mBEGIN[0m
  [1m[36mUser Exists (1.9ms)[0m  [1m[34mSELECT  1 AS one FROM `users` WHERE `users`.`email` = BINARY 'vidhu.al@test.com' LIMIT 1[0m
  [1m[35mSQL (0.3ms)[0m  [1m[32mINSERT INTO `users` (`email`, `encrypted_password`, `created_at`, `updated_at`, `name`) VALUES ('vidhu.al@test.com', '$2a$11$a5jt3sgCqedqF0wL6ifY4eX0LrDPmtBHmmS7cWpYXxD19Fi.6QN7y', '2018-02-12 14:56:57', '2018-02-12 14:56:57', 'vidya')[0m
  [1m[35m (0.5ms)[0m  [1m[35mCOMMIT[0m
  [1m[35m (0.1ms)[0m  [1m[35mBEGIN[0m
  [1m[35mSQL (0.9ms)[0m  [1m[33mUPDATE `users` SET `sign_in_count` = 1, `current_sign_in_at` = '2018-02-12 14:56:57', `last_sign_in_at` = '2018-02-12 14:56:57', `current_sign_in_ip` = '::1', `last_sign_in_ip` = '::1' WHERE `users`.`id` = 1[0m
  [1m[35m (0.6ms)[0m  [1m[35mCOMMIT[0m
Redirected to http://localhost:3000/
Completed 302 Found in 177ms (ActiveRecord: 4.5ms)


Started GET "/" for ::1 at 2018-02-12 20:26:57 +0530
Processing by VisitorsController#index as HTML
  Rendering visitors/index.html.erb within layouts/application
  [1m[35m (0.3ms)[0m  [1m[34mSELECT COUNT(*) FROM `users`[0m
  Rendered visitors/index.html.erb within layouts/application (1.7ms)
  Rendered layouts/_navigation_links.html.erb (0.4ms)
  [1m[36mUser Load (0.3ms)[0m  [1m[34mSELECT  `users`.* FROM `users` WHERE `users`.`id` = 1 ORDER BY `users`.`id` ASC LIMIT 1[0m
  Rendered layouts/_nav_links_for_auth.html.erb (2.7ms)
  Rendered layouts/_navigation.html.erb (7.0ms)
  Rendered layouts/_messages.html.erb (0.7ms)
Completed 200 OK in 63ms (Views: 60.1ms | ActiveRecord: 0.6ms)


Started GET "/users" for ::1 at 2018-02-12 20:27:10 +0530
Processing by UsersController#index as HTML
  [1m[36mUser Load (0.5ms)[0m  [1m[34mSELECT  `users`.* FROM `users` WHERE `users`.`id` = 1 ORDER BY `users`.`id` ASC LIMIT 1[0m
  Rendering users/index.html.erb within layouts/application
  [1m[36mUser Load (0.3ms)[0m  [1m[34mSELECT `users`.* FROM `users`[0m
  Rendered users/_user.html.erb (0.8ms)
  Rendered users/index.html.erb within layouts/application (4.3ms)
  Rendered layouts/_navigation_links.html.erb (0.4ms)
  Rendered layouts/_nav_links_for_auth.html.erb (0.6ms)
  Rendered layouts/_navigation.html.erb (4.2ms)
  Rendered layouts/_messages.html.erb (0.4ms)
Completed 200 OK in 69ms (Views: 62.2ms | ActiveRecord: 0.8ms)


Started GET "/users/1" for ::1 at 2018-02-12 20:27:12 +0530
Processing by UsersController#show as HTML
  Parameters: {"id"=>"1"}
  [1m[36mUser Load (0.6ms)[0m  [1m[34mSELECT  `users`.* FROM `users` WHERE `users`.`id` = 1 ORDER BY `users`.`id` ASC LIMIT 1[0m
  [1m[36mUser Load (0.7ms)[0m  [1m[34mSELECT  `users`.* FROM `users` WHERE `users`.`id` = 1 LIMIT 1[0m
  Rendering users/show.html.erb within layouts/application
  Rendered users/show.html.erb within layouts/application (0.6ms)
  Rendered layouts/_navigation_links.html.erb (0.6ms)
  Rendered layouts/_nav_links_for_auth.html.erb (1.7ms)
  Rendered layouts/_navigation.html.erb (6.7ms)
  Rendered layouts/_messages.html.erb (0.5ms)
Completed 200 OK in 93ms (Views: 73.9ms | ActiveRecord: 1.3ms)


Started GET "/users/edit" for ::1 at 2018-02-12 20:27:15 +0530
Processing by Devise::RegistrationsController#edit as HTML
  [1m[36mUser Load (1.1ms)[0m  [1m[34mSELECT  `users`.* FROM `users` WHERE `users`.`id` = 1 ORDER BY `users`.`id` ASC LIMIT 1[0m
  Rendering devise/registrations/edit.html.erb within layouts/application
  Rendered devise/registrations/edit.html.erb within layouts/application (3.3ms)
  Rendered layouts/_navigation_links.html.erb (0.5ms)
  Rendered layouts/_nav_links_for_auth.html.erb (0.7ms)
  Rendered layouts/_navigation.html.erb (4.7ms)
  Rendered layouts/_messages.html.erb (0.8ms)
Completed 200 OK in 89ms (Views: 83.4ms | ActiveRecord: 1.1ms)


Started GET "/" for ::1 at 2018-02-12 20:27:18 +0530
Processing by VisitorsController#index as HTML
  Rendering visitors/index.html.erb within layouts/application
  [1m[35m (0.5ms)[0m  [1m[34mSELECT COUNT(*) FROM `users`[0m
  Rendered visitors/index.html.erb within layouts/application (2.4ms)
  Rendered layouts/_navigation_links.html.erb (0.3ms)
  [1m[36mUser Load (0.3ms)[0m  [1m[34mSELECT  `users`.* FROM `users` WHERE `users`.`id` = 1 ORDER BY `users`.`id` ASC LIMIT 1[0m
  Rendered layouts/_nav_links_for_auth.html.erb (2.4ms)
  Rendered layouts/_navigation.html.erb (5.9ms)
  Rendered layouts/_messages.html.erb (0.5ms)
Completed 200 OK in 130ms (Views: 126.7ms | ActiveRecord: 0.8ms)


Started GET "/" for ::1 at 2018-02-12 20:32:16 +0530
Processing by VisitorsController#index as HTML
  Rendering visitors/index.html.erb within layouts/application
  [1m[35m (0.2ms)[0m  [1m[34mSELECT COUNT(*) FROM `users`[0m
  Rendered visitors/index.html.erb within layouts/application (1.2ms)
  Rendered layouts/_navigation_links.html.erb (0.4ms)
  [1m[36mUser Load (0.3ms)[0m  [1m[34mSELECT  `users`.* FROM `users` WHERE `users`.`id` = 1 ORDER BY `users`.`id` ASC LIMIT 1[0m
  Rendered layouts/_nav_links_for_auth.html.erb (2.2ms)
  Rendered layouts/_navigation.html.erb (6.8ms)
  Rendered layouts/_messages.html.erb (0.5ms)
Completed 200 OK in 70ms (Views: 66.4ms | ActiveRecord: 0.5ms)


Started GET "/charges" for ::1 at 2018-02-12 20:32:19 +0530

AbstractController::ActionNotFound - The action 'index' could not be found for ChargesController:
  actionpack (5.0.0.1) lib/abstract_controller/base.rb:121:in `process'
  actionview (5.0.0.1) lib/action_view/rendering.rb:30:in `process'
  actionpack (5.0.0.1) lib/action_controller/metal.rb:190:in `dispatch'
  actionpack (5.0.0.1) lib/action_controller/metal.rb:262:in `dispatch'
  actionpack (5.0.0.1) lib/action_dispatch/routing/route_set.rb:50:in `dispatch'
  actionpack (5.0.0.1) lib/action_dispatch/routing/route_set.rb:32:in `serve'
  actionpack (5.0.0.1) lib/action_dispatch/journey/router.rb:39:in `block in serve'
  actionpack (5.0.0.1) lib/action_dispatch/journey/router.rb:26:in `each'
  actionpack (5.0.0.1) lib/action_dispatch/journey/router.rb:26:in `serve'
  actionpack (5.0.0.1) lib/action_dispatch/routing/route_set.rb:725:in `call'
  warden (1.2.6) lib/warden/manager.rb:35:in `block in call'
  warden (1.2.6) lib/warden/manager.rb:34:in `catch'
  warden (1.2.6) lib/warden/manager.rb:34:in `call'
  rack (2.0.1) lib/rack/etag.rb:25:in `call'
  rack (2.0.1) lib/rack/conditional_get.rb:25:in `call'
  rack (2.0.1) lib/rack/head.rb:12:in `call'
  rack (2.0.1) lib/rack/session/abstract/id.rb:222:in `context'
  rack (2.0.1) lib/rack/session/abstract/id.rb:216:in `call'
  actionpack (5.0.0.1) lib/action_dispatch/middleware/cookies.rb:613:in `call'
  activerecord (5.0.0.1) lib/active_record/migration.rb:552:in `call'
  actionpack (5.0.0.1) lib/action_dispatch/middleware/callbacks.rb:38:in `block in call'
  activesupport (5.0.0.1) lib/active_support/callbacks.rb:97:in `__run_callbacks__'
  activesupport (5.0.0.1) lib/active_support/callbacks.rb:750:in `_run_call_callbacks'
  activesupport (5.0.0.1) lib/active_support/callbacks.rb:90:in `run_callbacks'
  actionpack (5.0.0.1) lib/action_dispatch/middleware/callbacks.rb:36:in `call'
  actionpack (5.0.0.1) lib/action_dispatch/middleware/executor.rb:12:in `call'
  actionpack (5.0.0.1) lib/action_dispatch/middleware/remote_ip.rb:79:in `call'
  better_errors (2.1.1) lib/better_errors/middleware.rb:84:in `protected_app_call'
  better_errors (2.1.1) lib/better_errors/middleware.rb:79:in `better_errors_call'
  better_errors (2.1.1) lib/better_errors/middleware.rb:57:in `call'
  actionpack (5.0.0.1) lib/action_dispatch/middleware/debug_exceptions.rb:49:in `call'
  web-console (3.3.1) lib/web_console/middleware.rb:131:in `call_app'
  web-console (3.3.1) lib/web_console/middleware.rb:28:in `block in call'
  web-console (3.3.1) lib/web_console/middleware.rb:18:in `catch'
  web-console (3.3.1) lib/web_console/middleware.rb:18:in `call'
  actionpack (5.0.0.1) lib/action_dispatch/middleware/show_exceptions.rb:31:in `call'
  railties (5.0.0.1) lib/rails/rack/logger.rb:36:in `call_app'
  railties (5.0.0.1) lib/rails/rack/logger.rb:24:in `block in call'
  activesupport (5.0.0.1) lib/active_support/tagged_logging.rb:70:in `block in tagged'
  activesupport (5.0.0.1) lib/active_support/tagged_logging.rb:26:in `tagged'
  activesupport (5.0.0.1) lib/active_support/tagged_logging.rb:70:in `tagged'
  railties (5.0.0.1) lib/rails/rack/logger.rb:24:in `call'
  sprockets-rails (3.2.0) lib/sprockets/rails/quiet_assets.rb:13:in `call'
  actionpack (5.0.0.1) lib/action_dispatch/middleware/request_id.rb:24:in `call'
  rack (2.0.1) lib/rack/method_override.rb:22:in `call'
  rack (2.0.1) lib/rack/runtime.rb:22:in `call'
  activesupport (5.0.0.1) lib/active_support/cache/strategy/local_cache_middleware.rb:28:in `call'
  actionpack (5.0.0.1) lib/action_dispatch/middleware/executor.rb:12:in `call'
  actionpack (5.0.0.1) lib/action_dispatch/middleware/static.rb:136:in `call'
  rack (2.0.1) lib/rack/sendfile.rb:111:in `call'
  railties (5.0.0.1) lib/rails/engine.rb:522:in `call'
  puma (3.6.0) lib/puma/configuration.rb:225:in `call'
  puma (3.6.0) lib/puma/server.rb:578:in `handle_request'
  puma (3.6.0) lib/puma/server.rb:415:in `process_client'
  puma (3.6.0) lib/puma/server.rb:275:in `block in run'
  puma (3.6.0) lib/puma/thread_pool.rb:116:in `block in spawn_thread'

Started POST "/__better_errors/398c3b530e734d26/variables" for ::1 at 2018-02-12 20:32:19 +0530
Started GET "/" for ::1 at 2018-02-12 20:34:09 +0530
Processing by VisitorsController#index as HTML
  Rendering visitors/index.html.erb within layouts/application
  [1m[35m (0.4ms)[0m  [1m[34mSELECT COUNT(*) FROM `users`[0m
  Rendered visitors/index.html.erb within layouts/application (2.1ms)
  Rendered layouts/_navigation_links.html.erb (0.5ms)
  [1m[36mUser Load (0.3ms)[0m  [1m[34mSELECT  `users`.* FROM `users` WHERE `users`.`id` = 1 ORDER BY `users`.`id` ASC LIMIT 1[0m
  Rendered layouts/_nav_links_for_auth.html.erb (1.8ms)
  Rendered layouts/_navigation.html.erb (6.0ms)
  Rendered layouts/_messages.html.erb (0.7ms)
Completed 200 OK in 69ms (Views: 65.9ms | ActiveRecord: 0.6ms)


Started GET "/charges/new" for ::1 at 2018-02-12 20:34:12 +0530
Processing by ChargesController#new as HTML
  [1m[36mUser Load (0.6ms)[0m  [1m[34mSELECT  `users`.* FROM `users` WHERE `users`.`id` = 1 ORDER BY `users`.`id` ASC LIMIT 1[0m
  Rendering charges/new.html.erb within layouts/application
  Rendered charges/new.html.erb within layouts/application (1.0ms)
  Rendered layouts/_navigation_links.html.erb (0.5ms)
  Rendered layouts/_nav_links_for_auth.html.erb (0.8ms)
  Rendered layouts/_navigation.html.erb (5.2ms)
  Rendered layouts/_messages.html.erb (0.4ms)
Completed 200 OK in 86ms (Views: 73.3ms | ActiveRecord: 0.6ms)


